{
  "RSpec": {
    "coverage": {
      "/home/shivangdave/Project/photoapp_api/config/environment.rb": {
        "lines": [
          null,
          1,
          null,
          null,
          1
        ]
      },
      "/home/shivangdave/Project/photoapp_api/config/application.rb": {
        "lines": [
          1,
          null,
          1,
          null,
          1,
          1,
          1,
          1,
          1,
          1,
          1,
          1,
          1,
          1,
          null,
          1,
          null,
          null,
          null,
          1,
          null,
          1,
          1,
          null,
          1,
          null,
          null,
          null,
          null,
          null,
          null,
          null,
          null,
          null,
          1,
          1,
          null,
          null,
          null
        ]
      },
      "/home/shivangdave/Project/photoapp_api/config/boot.rb": {
        "lines": [
          1,
          null,
          1,
          1
        ]
      },
      "/home/shivangdave/Project/photoapp_api/config/spring.rb": {
        "lines": [
          1,
          null,
          null,
          null,
          null,
          null
        ]
      },
      "/home/shivangdave/Project/photoapp_api/config/environments/test.rb": {
        "lines": [
          null,
          null,
          null,
          null,
          null,
          1,
          null,
          null,
          1,
          null,
          null,
          null,
          null,
          1,
          null,
          null,
          1,
          1,
          null,
          null,
          null,
          null,
          1,
          1,
          1,
          null,
          null,
          1,
          null,
          null,
          1,
          null,
          null,
          1,
          null,
          1,
          null,
          null,
          null,
          null,
          1,
          null,
          null,
          1,
          null,
          null,
          null,
          null
        ]
      },
      "/home/shivangdave/Project/photoapp_api/config/initializers/application_controller_renderer.rb": {
        "lines": [
          null,
          null,
          null,
          null,
          null,
          null,
          null,
          null
        ]
      },
      "/home/shivangdave/Project/photoapp_api/config/initializers/backtrace_silencers.rb": {
        "lines": [
          null,
          null,
          null,
          null,
          null,
          null,
          null
        ]
      },
      "/home/shivangdave/Project/photoapp_api/config/initializers/cors.rb": {
        "lines": [
          null,
          null,
          null,
          null,
          null,
          null,
          null,
          1,
          1,
          1,
          null,
          1,
          null,
          null,
          null,
          null
        ]
      },
      "/home/shivangdave/Project/photoapp_api/config/initializers/filter_parameter_logging.rb": {
        "lines": [
          null,
          null,
          null,
          1
        ]
      },
      "/home/shivangdave/Project/photoapp_api/config/initializers/friendly_id.rb": {
        "lines": [
          null,
          null,
          null,
          null,
          null,
          null,
          null,
          null,
          null,
          null,
          null,
          1,
          null,
          null,
          null,
          null,
          1,
          null,
          1,
          null,
          null,
          null,
          null,
          null,
          null,
          null,
          null,
          null,
          null,
          null,
          null,
          null,
          null,
          null,
          null,
          null,
          null,
          null,
          null,
          null,
          null,
          null,
          null,
          null,
          null,
          null,
          null,
          null,
          null,
          null,
          null,
          null,
          null,
          null,
          null,
          null,
          null,
          null,
          null,
          null,
          null,
          null,
          null,
          null,
          null,
          null,
          null,
          null,
          null,
          null,
          null,
          null,
          null,
          null,
          null,
          null,
          null,
          null,
          null,
          null,
          null,
          null,
          null,
          null,
          null,
          null,
          null,
          null,
          null,
          null,
          null,
          null,
          null,
          null,
          null,
          null,
          null,
          null,
          null,
          null,
          null,
          null,
          null,
          null,
          null,
          null,
          null
        ]
      },
      "/home/shivangdave/Project/photoapp_api/config/initializers/inflections.rb": {
        "lines": [
          null,
          null,
          null,
          null,
          null,
          null,
          null,
          null,
          null,
          null,
          null,
          null,
          null,
          null,
          null,
          null
        ]
      },
      "/home/shivangdave/Project/photoapp_api/config/initializers/mime_types.rb": {
        "lines": [
          null,
          null,
          null,
          null
        ]
      },
      "/home/shivangdave/Project/photoapp_api/config/initializers/wrap_parameters.rb": {
        "lines": [
          null,
          null,
          null,
          null,
          null,
          null,
          1,
          2,
          null,
          null,
          null,
          null,
          null,
          null
        ]
      },
      "/home/shivangdave/Project/photoapp_api/config/routes.rb": {
        "lines": [
          1,
          1,
          1,
          1,
          null,
          null,
          null
        ]
      },
      "/home/shivangdave/Project/photoapp_api/app/controllers/application_controller.rb": {
        "lines": [
          1,
          null,
          1,
          5,
          5,
          3,
          null,
          null,
          1,
          2,
          null,
          null,
          1,
          null,
          null,
          null,
          1,
          11,
          11,
          null,
          null,
          1,
          null,
          7,
          null,
          1,
          null,
          null,
          7,
          6,
          null,
          null,
          null,
          null,
          null
        ]
      },
      "/home/shivangdave/Project/photoapp_api/app/models/api/v1.rb": {
        "lines": [
          1,
          1,
          2,
          null,
          null
        ]
      },
      "/home/shivangdave/Project/photoapp_api/app/controllers/api/v1/users_controller.rb": {
        "lines": [
          1,
          null,
          1,
          null,
          1,
          4,
          4,
          null,
          null,
          1,
          2,
          null,
          null,
          1,
          3,
          3,
          null,
          null,
          1,
          1,
          1,
          null,
          null,
          1,
          1,
          1,
          null,
          null,
          1,
          null,
          null,
          null,
          1,
          null,
          null,
          null,
          1,
          1,
          4,
          3,
          null,
          null,
          null,
          1,
          6,
          4,
          4,
          null,
          2,
          1,
          null,
          1,
          null,
          null,
          null,
          null,
          1,
          null,
          4,
          null,
          1,
          null,
          null,
          null,
          null
        ]
      },
      "/home/shivangdave/Project/photoapp_api/app/models/api/v1/follow.rb": {
        "lines": [
          1,
          1,
          1,
          null
        ]
      },
      "/home/shivangdave/Project/photoapp_api/app/models/application_record.rb": {
        "lines": [
          1,
          1,
          null
        ]
      },
      "/home/shivangdave/Project/photoapp_api/app/models/api/v1/user.rb": {
        "lines": [
          1,
          1,
          null,
          1,
          1,
          null,
          1,
          1,
          null,
          1,
          1,
          null,
          1,
          1,
          1,
          null,
          1,
          1,
          null,
          1,
          5,
          null,
          null,
          null,
          null,
          null,
          null,
          null,
          null,
          null,
          null,
          null,
          null,
          null,
          null,
          null,
          null,
          null,
          null,
          null,
          1,
          15,
          null,
          null,
          null,
          null,
          null,
          null,
          null,
          null,
          null,
          null,
          null,
          null,
          null,
          null,
          null,
          null,
          null,
          null,
          null,
          null
        ]
      },
      "/home/shivangdave/Project/photoapp_api/app/validators/email_validator.rb": {
        "lines": [
          1,
          1,
          112,
          2,
          null,
          null,
          null
        ]
      }
    },
    "timestamp": 1588634962
  }
}
